   {
    TP_SYMBOL_ID
    TP_SYMBOL_UNSPECIFIED_TYPE
     member_line(0)
     member_column(0)
     member_string(int32_t)
     member_i32_value(0)
   }

   {
    TP_SYMBOL_ID
    TP_SYMBOL_UNSPECIFIED_TYPE
     member_line(0)
     member_column(8)
     member_string(value1)
     member_i32_value(0)
   }

   {
    TP_SYMBOL_EQUAL
    TP_SYMBOL_UNSPECIFIED_TYPE
     member_line(0)
     member_column(15)
     member_string()
     member_i32_value(0)
   }

   {
    TP_SYMBOL_LEFT_PAREN
    TP_SYMBOL_UNSPECIFIED_TYPE
     member_line(0)
     member_column(17)
     member_string()
     member_i32_value(0)
   }

   {
    TP_SYMBOL_CONST_VALUE
    TP_SYMBOL_UNSPECIFIED_TYPE
     member_line(0)
     member_column(18)
     member_string(1)
     member_i32_value(0)
   }

   {
    TP_SYMBOL_PLUS
    TP_SYMBOL_UNSPECIFIED_TYPE
     member_line(0)
     member_column(20)
     member_string()
     member_i32_value(0)
   }

   {
    TP_SYMBOL_CONST_VALUE
    TP_SYMBOL_UNSPECIFIED_TYPE
     member_line(0)
     member_column(22)
     member_string(2)
     member_i32_value(0)
   }

   {
    TP_SYMBOL_RIGHT_PAREN
    TP_SYMBOL_UNSPECIFIED_TYPE
     member_line(0)
     member_column(23)
     member_string()
     member_i32_value(0)
   }

   {
    TP_SYMBOL_MUL
    TP_SYMBOL_UNSPECIFIED_TYPE
     member_line(0)
     member_column(25)
     member_string()
     member_i32_value(0)
   }

   {
    TP_SYMBOL_CONST_VALUE
    TP_SYMBOL_UNSPECIFIED_TYPE
     member_line(0)
     member_column(27)
     member_string(3)
     member_i32_value(0)
   }

   {
    TP_SYMBOL_SEMICOLON
    TP_SYMBOL_UNSPECIFIED_TYPE
     member_line(0)
     member_column(28)
     member_string()
     member_i32_value(0)
   }

   {
    TP_SYMBOL_ID
    TP_SYMBOL_UNSPECIFIED_TYPE
     member_line(1)
     member_column(1)
     member_string(int32_t)
     member_i32_value(0)
   }

   {
    TP_SYMBOL_ID
    TP_SYMBOL_UNSPECIFIED_TYPE
     member_line(1)
     member_column(9)
     member_string(value2)
     member_i32_value(0)
   }

   {
    TP_SYMBOL_EQUAL
    TP_SYMBOL_UNSPECIFIED_TYPE
     member_line(1)
     member_column(16)
     member_string()
     member_i32_value(0)
   }

   {
    TP_SYMBOL_CONST_VALUE
    TP_SYMBOL_UNSPECIFIED_TYPE
     member_line(1)
     member_column(18)
     member_string(2)
     member_i32_value(0)
   }

   {
    TP_SYMBOL_PLUS
    TP_SYMBOL_UNSPECIFIED_TYPE
     member_line(1)
     member_column(20)
     member_string()
     member_i32_value(0)
   }

   {
    TP_SYMBOL_LEFT_PAREN
    TP_SYMBOL_UNSPECIFIED_TYPE
     member_line(1)
     member_column(22)
     member_string()
     member_i32_value(0)
   }

   {
    TP_SYMBOL_CONST_VALUE
    TP_SYMBOL_UNSPECIFIED_TYPE
     member_line(1)
     member_column(23)
     member_string(3)
     member_i32_value(0)
   }

   {
    TP_SYMBOL_MUL
    TP_SYMBOL_UNSPECIFIED_TYPE
     member_line(1)
     member_column(25)
     member_string()
     member_i32_value(0)
   }

   {
    TP_SYMBOL_ID
    TP_SYMBOL_UNSPECIFIED_TYPE
     member_line(1)
     member_column(27)
     member_string(value1)
     member_i32_value(0)
   }

   {
    TP_SYMBOL_RIGHT_PAREN
    TP_SYMBOL_UNSPECIFIED_TYPE
     member_line(1)
     member_column(33)
     member_string()
     member_i32_value(0)
   }

   {
    TP_SYMBOL_SEMICOLON
    TP_SYMBOL_UNSPECIFIED_TYPE
     member_line(1)
     member_column(34)
     member_string()
     member_i32_value(0)
   }

   {
    TP_SYMBOL_ID
    TP_SYMBOL_UNSPECIFIED_TYPE
     member_line(2)
     member_column(1)
     member_string(value1)
     member_i32_value(0)
   }

   {
    TP_SYMBOL_EQUAL
    TP_SYMBOL_UNSPECIFIED_TYPE
     member_line(2)
     member_column(8)
     member_string()
     member_i32_value(0)
   }

   {
    TP_SYMBOL_ID
    TP_SYMBOL_UNSPECIFIED_TYPE
     member_line(2)
     member_column(10)
     member_string(value2)
     member_i32_value(0)
   }

   {
    TP_SYMBOL_PLUS
    TP_SYMBOL_UNSPECIFIED_TYPE
     member_line(2)
     member_column(17)
     member_string()
     member_i32_value(0)
   }

   {
    TP_SYMBOL_CONST_VALUE
    TP_SYMBOL_UNSPECIFIED_TYPE
     member_line(2)
     member_column(19)
     member_string(100)
     member_i32_value(0)
   }

   {
    TP_SYMBOL_SEMICOLON
    TP_SYMBOL_UNSPECIFIED_TYPE
     member_line(2)
     member_column(22)
     member_string()
     member_i32_value(0)
   }

