=== Dump parse subtree. ===

   {
    TP_PARSE_TREE_GRAMMER_FACTOR_3
    TP_PARSE_TREE_TYPE_TOKEN
       {
        TP_SYMBOL_CONST_VALUE
        TP_SYMBOL_CONST_VALUE_INT32
         member_line(0)
         member_column(18)
         member_string(1)
         member_i32_value(1)
       }

   }

---------------------------

   {
    TP_PARSE_TREE_GRAMMER_FACTOR_3
    TP_PARSE_TREE_TYPE_TOKEN
       {
        TP_SYMBOL_CONST_VALUE
        TP_SYMBOL_CONST_VALUE_INT32
         member_line(0)
         member_column(22)
         member_string(2)
         member_i32_value(2)
       }

   }

---------------------------

   {
    TP_PARSE_TREE_GRAMMER_EXPRESSION_1
    TP_PARSE_TREE_TYPE_NODE
       {
        TP_PARSE_TREE_GRAMMER_FACTOR_3
        TP_PARSE_TREE_TYPE_TOKEN
           {
            TP_SYMBOL_CONST_VALUE
            TP_SYMBOL_CONST_VALUE_INT32
             member_line(0)
             member_column(18)
             member_string(1)
             member_i32_value(1)
           }

       }

    TP_PARSE_TREE_TYPE_TOKEN
       {
        TP_SYMBOL_PLUS
        TP_SYMBOL_UNSPECIFIED_TYPE
         member_line(0)
         member_column(20)
         member_string()
         member_i32_value(0)
       }

    TP_PARSE_TREE_TYPE_NODE
       {
        TP_PARSE_TREE_GRAMMER_FACTOR_3
        TP_PARSE_TREE_TYPE_TOKEN
           {
            TP_SYMBOL_CONST_VALUE
            TP_SYMBOL_CONST_VALUE_INT32
             member_line(0)
             member_column(22)
             member_string(2)
             member_i32_value(2)
           }

       }

   }

---------------------------

   {
    TP_PARSE_TREE_GRAMMER_FACTOR_1
    TP_PARSE_TREE_TYPE_TOKEN
       {
        TP_SYMBOL_LEFT_PAREN
        TP_SYMBOL_UNSPECIFIED_TYPE
         member_line(0)
         member_column(17)
         member_string()
         member_i32_value(0)
       }

    TP_PARSE_TREE_TYPE_NODE
       {
        TP_PARSE_TREE_GRAMMER_EXPRESSION_1
        TP_PARSE_TREE_TYPE_NODE
           {
            TP_PARSE_TREE_GRAMMER_FACTOR_3
            TP_PARSE_TREE_TYPE_TOKEN
               {
                TP_SYMBOL_CONST_VALUE
                TP_SYMBOL_CONST_VALUE_INT32
                 member_line(0)
                 member_column(18)
                 member_string(1)
                 member_i32_value(1)
               }

           }

        TP_PARSE_TREE_TYPE_TOKEN
           {
            TP_SYMBOL_PLUS
            TP_SYMBOL_UNSPECIFIED_TYPE
             member_line(0)
             member_column(20)
             member_string()
             member_i32_value(0)
           }

        TP_PARSE_TREE_TYPE_NODE
           {
            TP_PARSE_TREE_GRAMMER_FACTOR_3
            TP_PARSE_TREE_TYPE_TOKEN
               {
                TP_SYMBOL_CONST_VALUE
                TP_SYMBOL_CONST_VALUE_INT32
                 member_line(0)
                 member_column(22)
                 member_string(2)
                 member_i32_value(2)
               }

           }

       }

    TP_PARSE_TREE_TYPE_TOKEN
       {
        TP_SYMBOL_RIGHT_PAREN
        TP_SYMBOL_UNSPECIFIED_TYPE
         member_line(0)
         member_column(23)
         member_string()
         member_i32_value(0)
       }

   }

---------------------------

   {
    TP_PARSE_TREE_GRAMMER_FACTOR_3
    TP_PARSE_TREE_TYPE_TOKEN
       {
        TP_SYMBOL_CONST_VALUE
        TP_SYMBOL_CONST_VALUE_INT32
         member_line(0)
         member_column(27)
         member_string(3)
         member_i32_value(3)
       }

   }

---------------------------

   {
    TP_PARSE_TREE_GRAMMER_TERM_1
    TP_PARSE_TREE_TYPE_NODE
       {
        TP_PARSE_TREE_GRAMMER_FACTOR_1
        TP_PARSE_TREE_TYPE_TOKEN
           {
            TP_SYMBOL_LEFT_PAREN
            TP_SYMBOL_UNSPECIFIED_TYPE
             member_line(0)
             member_column(17)
             member_string()
             member_i32_value(0)
           }

        TP_PARSE_TREE_TYPE_NODE
           {
            TP_PARSE_TREE_GRAMMER_EXPRESSION_1
            TP_PARSE_TREE_TYPE_NODE
               {
                TP_PARSE_TREE_GRAMMER_FACTOR_3
                TP_PARSE_TREE_TYPE_TOKEN
                   {
                    TP_SYMBOL_CONST_VALUE
                    TP_SYMBOL_CONST_VALUE_INT32
                     member_line(0)
                     member_column(18)
                     member_string(1)
                     member_i32_value(1)
                   }

               }

            TP_PARSE_TREE_TYPE_TOKEN
               {
                TP_SYMBOL_PLUS
                TP_SYMBOL_UNSPECIFIED_TYPE
                 member_line(0)
                 member_column(20)
                 member_string()
                 member_i32_value(0)
               }

            TP_PARSE_TREE_TYPE_NODE
               {
                TP_PARSE_TREE_GRAMMER_FACTOR_3
                TP_PARSE_TREE_TYPE_TOKEN
                   {
                    TP_SYMBOL_CONST_VALUE
                    TP_SYMBOL_CONST_VALUE_INT32
                     member_line(0)
                     member_column(22)
                     member_string(2)
                     member_i32_value(2)
                   }

               }

           }

        TP_PARSE_TREE_TYPE_TOKEN
           {
            TP_SYMBOL_RIGHT_PAREN
            TP_SYMBOL_UNSPECIFIED_TYPE
             member_line(0)
             member_column(23)
             member_string()
             member_i32_value(0)
           }

       }

    TP_PARSE_TREE_TYPE_TOKEN
       {
        TP_SYMBOL_MUL
        TP_SYMBOL_UNSPECIFIED_TYPE
         member_line(0)
         member_column(25)
         member_string()
         member_i32_value(0)
       }

    TP_PARSE_TREE_TYPE_NODE
       {
        TP_PARSE_TREE_GRAMMER_FACTOR_3
        TP_PARSE_TREE_TYPE_TOKEN
           {
            TP_SYMBOL_CONST_VALUE
            TP_SYMBOL_CONST_VALUE_INT32
             member_line(0)
             member_column(27)
             member_string(3)
             member_i32_value(3)
           }

       }

   }

---------------------------

   {
    TP_PARSE_TREE_GRAMMER_STATEMENT_2
    TP_PARSE_TREE_TYPE_TOKEN
       {
        TP_SYMBOL_ID
        TP_SYMBOL_TYPE_INT32
         member_line(0)
         member_column(0)
         member_string(int32_t)
         member_i32_value(0)
       }

    TP_PARSE_TREE_TYPE_TOKEN
       {
        TP_SYMBOL_ID
        TP_SYMBOL_ID_INT32
         member_line(0)
         member_column(8)
         member_string(value1)
         member_i32_value(0)
       }

    TP_PARSE_TREE_TYPE_TOKEN
       {
        TP_SYMBOL_EQUAL
        TP_SYMBOL_UNSPECIFIED_TYPE
         member_line(0)
         member_column(15)
         member_string()
         member_i32_value(0)
       }

    TP_PARSE_TREE_TYPE_NODE
       {
        TP_PARSE_TREE_GRAMMER_TERM_1
        TP_PARSE_TREE_TYPE_NODE
           {
            TP_PARSE_TREE_GRAMMER_FACTOR_1
            TP_PARSE_TREE_TYPE_TOKEN
               {
                TP_SYMBOL_LEFT_PAREN
                TP_SYMBOL_UNSPECIFIED_TYPE
                 member_line(0)
                 member_column(17)
                 member_string()
                 member_i32_value(0)
               }

            TP_PARSE_TREE_TYPE_NODE
               {
                TP_PARSE_TREE_GRAMMER_EXPRESSION_1
                TP_PARSE_TREE_TYPE_NODE
                   {
                    TP_PARSE_TREE_GRAMMER_FACTOR_3
                    TP_PARSE_TREE_TYPE_TOKEN
                       {
                        TP_SYMBOL_CONST_VALUE
                        TP_SYMBOL_CONST_VALUE_INT32
                         member_line(0)
                         member_column(18)
                         member_string(1)
                         member_i32_value(1)
                       }

                   }

                TP_PARSE_TREE_TYPE_TOKEN
                   {
                    TP_SYMBOL_PLUS
                    TP_SYMBOL_UNSPECIFIED_TYPE
                     member_line(0)
                     member_column(20)
                     member_string()
                     member_i32_value(0)
                   }

                TP_PARSE_TREE_TYPE_NODE
                   {
                    TP_PARSE_TREE_GRAMMER_FACTOR_3
                    TP_PARSE_TREE_TYPE_TOKEN
                       {
                        TP_SYMBOL_CONST_VALUE
                        TP_SYMBOL_CONST_VALUE_INT32
                         member_line(0)
                         member_column(22)
                         member_string(2)
                         member_i32_value(2)
                       }

                   }

               }

            TP_PARSE_TREE_TYPE_TOKEN
               {
                TP_SYMBOL_RIGHT_PAREN
                TP_SYMBOL_UNSPECIFIED_TYPE
                 member_line(0)
                 member_column(23)
                 member_string()
                 member_i32_value(0)
               }

           }

        TP_PARSE_TREE_TYPE_TOKEN
           {
            TP_SYMBOL_MUL
            TP_SYMBOL_UNSPECIFIED_TYPE
             member_line(0)
             member_column(25)
             member_string()
             member_i32_value(0)
           }

        TP_PARSE_TREE_TYPE_NODE
           {
            TP_PARSE_TREE_GRAMMER_FACTOR_3
            TP_PARSE_TREE_TYPE_TOKEN
               {
                TP_SYMBOL_CONST_VALUE
                TP_SYMBOL_CONST_VALUE_INT32
                 member_line(0)
                 member_column(27)
                 member_string(3)
                 member_i32_value(3)
               }

           }

       }

    TP_PARSE_TREE_TYPE_TOKEN
       {
        TP_SYMBOL_SEMICOLON
        TP_SYMBOL_UNSPECIFIED_TYPE
         member_line(0)
         member_column(28)
         member_string()
         member_i32_value(0)
       }

   }

---------------------------

   {
    TP_PARSE_TREE_GRAMMER_FACTOR_3
    TP_PARSE_TREE_TYPE_TOKEN
       {
        TP_SYMBOL_CONST_VALUE
        TP_SYMBOL_CONST_VALUE_INT32
         member_line(1)
         member_column(18)
         member_string(2)
         member_i32_value(2)
       }

   }

---------------------------

   {
    TP_PARSE_TREE_GRAMMER_FACTOR_3
    TP_PARSE_TREE_TYPE_TOKEN
       {
        TP_SYMBOL_CONST_VALUE
        TP_SYMBOL_CONST_VALUE_INT32
         member_line(1)
         member_column(23)
         member_string(3)
         member_i32_value(3)
       }

   }

---------------------------

   {
    TP_PARSE_TREE_GRAMMER_FACTOR_3
    TP_PARSE_TREE_TYPE_TOKEN
       {
        TP_SYMBOL_ID
        TP_SYMBOL_ID_INT32
         member_line(1)
         member_column(27)
         member_string(value1)
         member_i32_value(0)
       }

   }

---------------------------

   {
    TP_PARSE_TREE_GRAMMER_TERM_1
    TP_PARSE_TREE_TYPE_NODE
       {
        TP_PARSE_TREE_GRAMMER_FACTOR_3
        TP_PARSE_TREE_TYPE_TOKEN
           {
            TP_SYMBOL_CONST_VALUE
            TP_SYMBOL_CONST_VALUE_INT32
             member_line(1)
             member_column(23)
             member_string(3)
             member_i32_value(3)
           }

       }

    TP_PARSE_TREE_TYPE_TOKEN
       {
        TP_SYMBOL_MUL
        TP_SYMBOL_UNSPECIFIED_TYPE
         member_line(1)
         member_column(25)
         member_string()
         member_i32_value(0)
       }

    TP_PARSE_TREE_TYPE_NODE
       {
        TP_PARSE_TREE_GRAMMER_FACTOR_3
        TP_PARSE_TREE_TYPE_TOKEN
           {
            TP_SYMBOL_ID
            TP_SYMBOL_ID_INT32
             member_line(1)
             member_column(27)
             member_string(value1)
             member_i32_value(0)
           }

       }

   }

---------------------------

   {
    TP_PARSE_TREE_GRAMMER_FACTOR_1
    TP_PARSE_TREE_TYPE_TOKEN
       {
        TP_SYMBOL_LEFT_PAREN
        TP_SYMBOL_UNSPECIFIED_TYPE
         member_line(1)
         member_column(22)
         member_string()
         member_i32_value(0)
       }

    TP_PARSE_TREE_TYPE_NODE
       {
        TP_PARSE_TREE_GRAMMER_TERM_1
        TP_PARSE_TREE_TYPE_NODE
           {
            TP_PARSE_TREE_GRAMMER_FACTOR_3
            TP_PARSE_TREE_TYPE_TOKEN
               {
                TP_SYMBOL_CONST_VALUE
                TP_SYMBOL_CONST_VALUE_INT32
                 member_line(1)
                 member_column(23)
                 member_string(3)
                 member_i32_value(3)
               }

           }

        TP_PARSE_TREE_TYPE_TOKEN
           {
            TP_SYMBOL_MUL
            TP_SYMBOL_UNSPECIFIED_TYPE
             member_line(1)
             member_column(25)
             member_string()
             member_i32_value(0)
           }

        TP_PARSE_TREE_TYPE_NODE
           {
            TP_PARSE_TREE_GRAMMER_FACTOR_3
            TP_PARSE_TREE_TYPE_TOKEN
               {
                TP_SYMBOL_ID
                TP_SYMBOL_ID_INT32
                 member_line(1)
                 member_column(27)
                 member_string(value1)
                 member_i32_value(0)
               }

           }

       }

    TP_PARSE_TREE_TYPE_TOKEN
       {
        TP_SYMBOL_RIGHT_PAREN
        TP_SYMBOL_UNSPECIFIED_TYPE
         member_line(1)
         member_column(33)
         member_string()
         member_i32_value(0)
       }

   }

---------------------------

   {
    TP_PARSE_TREE_GRAMMER_EXPRESSION_1
    TP_PARSE_TREE_TYPE_NODE
       {
        TP_PARSE_TREE_GRAMMER_FACTOR_3
        TP_PARSE_TREE_TYPE_TOKEN
           {
            TP_SYMBOL_CONST_VALUE
            TP_SYMBOL_CONST_VALUE_INT32
             member_line(1)
             member_column(18)
             member_string(2)
             member_i32_value(2)
           }

       }

    TP_PARSE_TREE_TYPE_TOKEN
       {
        TP_SYMBOL_PLUS
        TP_SYMBOL_UNSPECIFIED_TYPE
         member_line(1)
         member_column(20)
         member_string()
         member_i32_value(0)
       }

    TP_PARSE_TREE_TYPE_NODE
       {
        TP_PARSE_TREE_GRAMMER_FACTOR_1
        TP_PARSE_TREE_TYPE_TOKEN
           {
            TP_SYMBOL_LEFT_PAREN
            TP_SYMBOL_UNSPECIFIED_TYPE
             member_line(1)
             member_column(22)
             member_string()
             member_i32_value(0)
           }

        TP_PARSE_TREE_TYPE_NODE
           {
            TP_PARSE_TREE_GRAMMER_TERM_1
            TP_PARSE_TREE_TYPE_NODE
               {
                TP_PARSE_TREE_GRAMMER_FACTOR_3
                TP_PARSE_TREE_TYPE_TOKEN
                   {
                    TP_SYMBOL_CONST_VALUE
                    TP_SYMBOL_CONST_VALUE_INT32
                     member_line(1)
                     member_column(23)
                     member_string(3)
                     member_i32_value(3)
                   }

               }

            TP_PARSE_TREE_TYPE_TOKEN
               {
                TP_SYMBOL_MUL
                TP_SYMBOL_UNSPECIFIED_TYPE
                 member_line(1)
                 member_column(25)
                 member_string()
                 member_i32_value(0)
               }

            TP_PARSE_TREE_TYPE_NODE
               {
                TP_PARSE_TREE_GRAMMER_FACTOR_3
                TP_PARSE_TREE_TYPE_TOKEN
                   {
                    TP_SYMBOL_ID
                    TP_SYMBOL_ID_INT32
                     member_line(1)
                     member_column(27)
                     member_string(value1)
                     member_i32_value(0)
                   }

               }

           }

        TP_PARSE_TREE_TYPE_TOKEN
           {
            TP_SYMBOL_RIGHT_PAREN
            TP_SYMBOL_UNSPECIFIED_TYPE
             member_line(1)
             member_column(33)
             member_string()
             member_i32_value(0)
           }

       }

   }

---------------------------

   {
    TP_PARSE_TREE_GRAMMER_STATEMENT_2
    TP_PARSE_TREE_TYPE_TOKEN
       {
        TP_SYMBOL_ID
        TP_SYMBOL_TYPE_INT32
         member_line(1)
         member_column(1)
         member_string(int32_t)
         member_i32_value(0)
       }

    TP_PARSE_TREE_TYPE_TOKEN
       {
        TP_SYMBOL_ID
        TP_SYMBOL_ID_INT32
         member_line(1)
         member_column(9)
         member_string(value2)
         member_i32_value(0)
       }

    TP_PARSE_TREE_TYPE_TOKEN
       {
        TP_SYMBOL_EQUAL
        TP_SYMBOL_UNSPECIFIED_TYPE
         member_line(1)
         member_column(16)
         member_string()
         member_i32_value(0)
       }

    TP_PARSE_TREE_TYPE_NODE
       {
        TP_PARSE_TREE_GRAMMER_EXPRESSION_1
        TP_PARSE_TREE_TYPE_NODE
           {
            TP_PARSE_TREE_GRAMMER_FACTOR_3
            TP_PARSE_TREE_TYPE_TOKEN
               {
                TP_SYMBOL_CONST_VALUE
                TP_SYMBOL_CONST_VALUE_INT32
                 member_line(1)
                 member_column(18)
                 member_string(2)
                 member_i32_value(2)
               }

           }

        TP_PARSE_TREE_TYPE_TOKEN
           {
            TP_SYMBOL_PLUS
            TP_SYMBOL_UNSPECIFIED_TYPE
             member_line(1)
             member_column(20)
             member_string()
             member_i32_value(0)
           }

        TP_PARSE_TREE_TYPE_NODE
           {
            TP_PARSE_TREE_GRAMMER_FACTOR_1
            TP_PARSE_TREE_TYPE_TOKEN
               {
                TP_SYMBOL_LEFT_PAREN
                TP_SYMBOL_UNSPECIFIED_TYPE
                 member_line(1)
                 member_column(22)
                 member_string()
                 member_i32_value(0)
               }

            TP_PARSE_TREE_TYPE_NODE
               {
                TP_PARSE_TREE_GRAMMER_TERM_1
                TP_PARSE_TREE_TYPE_NODE
                   {
                    TP_PARSE_TREE_GRAMMER_FACTOR_3
                    TP_PARSE_TREE_TYPE_TOKEN
                       {
                        TP_SYMBOL_CONST_VALUE
                        TP_SYMBOL_CONST_VALUE_INT32
                         member_line(1)
                         member_column(23)
                         member_string(3)
                         member_i32_value(3)
                       }

                   }

                TP_PARSE_TREE_TYPE_TOKEN
                   {
                    TP_SYMBOL_MUL
                    TP_SYMBOL_UNSPECIFIED_TYPE
                     member_line(1)
                     member_column(25)
                     member_string()
                     member_i32_value(0)
                   }

                TP_PARSE_TREE_TYPE_NODE
                   {
                    TP_PARSE_TREE_GRAMMER_FACTOR_3
                    TP_PARSE_TREE_TYPE_TOKEN
                       {
                        TP_SYMBOL_ID
                        TP_SYMBOL_ID_INT32
                         member_line(1)
                         member_column(27)
                         member_string(value1)
                         member_i32_value(0)
                       }

                   }

               }

            TP_PARSE_TREE_TYPE_TOKEN
               {
                TP_SYMBOL_RIGHT_PAREN
                TP_SYMBOL_UNSPECIFIED_TYPE
                 member_line(1)
                 member_column(33)
                 member_string()
                 member_i32_value(0)
               }

           }

       }

    TP_PARSE_TREE_TYPE_TOKEN
       {
        TP_SYMBOL_SEMICOLON
        TP_SYMBOL_UNSPECIFIED_TYPE
         member_line(1)
         member_column(34)
         member_string()
         member_i32_value(0)
       }

   }

---------------------------

   {
    TP_PARSE_TREE_GRAMMER_PROGRAM
    TP_PARSE_TREE_TYPE_NODE
       {
        TP_PARSE_TREE_GRAMMER_STATEMENT_2
        TP_PARSE_TREE_TYPE_TOKEN
           {
            TP_SYMBOL_ID
            TP_SYMBOL_TYPE_INT32
             member_line(0)
             member_column(0)
             member_string(int32_t)
             member_i32_value(0)
           }

        TP_PARSE_TREE_TYPE_TOKEN
           {
            TP_SYMBOL_ID
            TP_SYMBOL_ID_INT32
             member_line(0)
             member_column(8)
             member_string(value1)
             member_i32_value(0)
           }

        TP_PARSE_TREE_TYPE_TOKEN
           {
            TP_SYMBOL_EQUAL
            TP_SYMBOL_UNSPECIFIED_TYPE
             member_line(0)
             member_column(15)
             member_string()
             member_i32_value(0)
           }

        TP_PARSE_TREE_TYPE_NODE
           {
            TP_PARSE_TREE_GRAMMER_TERM_1
            TP_PARSE_TREE_TYPE_NODE
               {
                TP_PARSE_TREE_GRAMMER_FACTOR_1
                TP_PARSE_TREE_TYPE_TOKEN
                   {
                    TP_SYMBOL_LEFT_PAREN
                    TP_SYMBOL_UNSPECIFIED_TYPE
                     member_line(0)
                     member_column(17)
                     member_string()
                     member_i32_value(0)
                   }

                TP_PARSE_TREE_TYPE_NODE
                   {
                    TP_PARSE_TREE_GRAMMER_EXPRESSION_1
                    TP_PARSE_TREE_TYPE_NODE
                       {
                        TP_PARSE_TREE_GRAMMER_FACTOR_3
                        TP_PARSE_TREE_TYPE_TOKEN
                           {
                            TP_SYMBOL_CONST_VALUE
                            TP_SYMBOL_CONST_VALUE_INT32
                             member_line(0)
                             member_column(18)
                             member_string(1)
                             member_i32_value(1)
                           }

                       }

                    TP_PARSE_TREE_TYPE_TOKEN
                       {
                        TP_SYMBOL_PLUS
                        TP_SYMBOL_UNSPECIFIED_TYPE
                         member_line(0)
                         member_column(20)
                         member_string()
                         member_i32_value(0)
                       }

                    TP_PARSE_TREE_TYPE_NODE
                       {
                        TP_PARSE_TREE_GRAMMER_FACTOR_3
                        TP_PARSE_TREE_TYPE_TOKEN
                           {
                            TP_SYMBOL_CONST_VALUE
                            TP_SYMBOL_CONST_VALUE_INT32
                             member_line(0)
                             member_column(22)
                             member_string(2)
                             member_i32_value(2)
                           }

                       }

                   }

                TP_PARSE_TREE_TYPE_TOKEN
                   {
                    TP_SYMBOL_RIGHT_PAREN
                    TP_SYMBOL_UNSPECIFIED_TYPE
                     member_line(0)
                     member_column(23)
                     member_string()
                     member_i32_value(0)
                   }

               }

            TP_PARSE_TREE_TYPE_TOKEN
               {
                TP_SYMBOL_MUL
                TP_SYMBOL_UNSPECIFIED_TYPE
                 member_line(0)
                 member_column(25)
                 member_string()
                 member_i32_value(0)
               }

            TP_PARSE_TREE_TYPE_NODE
               {
                TP_PARSE_TREE_GRAMMER_FACTOR_3
                TP_PARSE_TREE_TYPE_TOKEN
                   {
                    TP_SYMBOL_CONST_VALUE
                    TP_SYMBOL_CONST_VALUE_INT32
                     member_line(0)
                     member_column(27)
                     member_string(3)
                     member_i32_value(3)
                   }

               }

           }

        TP_PARSE_TREE_TYPE_TOKEN
           {
            TP_SYMBOL_SEMICOLON
            TP_SYMBOL_UNSPECIFIED_TYPE
             member_line(0)
             member_column(28)
             member_string()
             member_i32_value(0)
           }

       }

    TP_PARSE_TREE_TYPE_NODE
       {
        TP_PARSE_TREE_GRAMMER_STATEMENT_2
        TP_PARSE_TREE_TYPE_TOKEN
           {
            TP_SYMBOL_ID
            TP_SYMBOL_TYPE_INT32
             member_line(1)
             member_column(1)
             member_string(int32_t)
             member_i32_value(0)
           }

        TP_PARSE_TREE_TYPE_TOKEN
           {
            TP_SYMBOL_ID
            TP_SYMBOL_ID_INT32
             member_line(1)
             member_column(9)
             member_string(value2)
             member_i32_value(0)
           }

        TP_PARSE_TREE_TYPE_TOKEN
           {
            TP_SYMBOL_EQUAL
            TP_SYMBOL_UNSPECIFIED_TYPE
             member_line(1)
             member_column(16)
             member_string()
             member_i32_value(0)
           }

        TP_PARSE_TREE_TYPE_NODE
           {
            TP_PARSE_TREE_GRAMMER_EXPRESSION_1
            TP_PARSE_TREE_TYPE_NODE
               {
                TP_PARSE_TREE_GRAMMER_FACTOR_3
                TP_PARSE_TREE_TYPE_TOKEN
                   {
                    TP_SYMBOL_CONST_VALUE
                    TP_SYMBOL_CONST_VALUE_INT32
                     member_line(1)
                     member_column(18)
                     member_string(2)
                     member_i32_value(2)
                   }

               }

            TP_PARSE_TREE_TYPE_TOKEN
               {
                TP_SYMBOL_PLUS
                TP_SYMBOL_UNSPECIFIED_TYPE
                 member_line(1)
                 member_column(20)
                 member_string()
                 member_i32_value(0)
               }

            TP_PARSE_TREE_TYPE_NODE
               {
                TP_PARSE_TREE_GRAMMER_FACTOR_1
                TP_PARSE_TREE_TYPE_TOKEN
                   {
                    TP_SYMBOL_LEFT_PAREN
                    TP_SYMBOL_UNSPECIFIED_TYPE
                     member_line(1)
                     member_column(22)
                     member_string()
                     member_i32_value(0)
                   }

                TP_PARSE_TREE_TYPE_NODE
                   {
                    TP_PARSE_TREE_GRAMMER_TERM_1
                    TP_PARSE_TREE_TYPE_NODE
                       {
                        TP_PARSE_TREE_GRAMMER_FACTOR_3
                        TP_PARSE_TREE_TYPE_TOKEN
                           {
                            TP_SYMBOL_CONST_VALUE
                            TP_SYMBOL_CONST_VALUE_INT32
                             member_line(1)
                             member_column(23)
                             member_string(3)
                             member_i32_value(3)
                           }

                       }

                    TP_PARSE_TREE_TYPE_TOKEN
                       {
                        TP_SYMBOL_MUL
                        TP_SYMBOL_UNSPECIFIED_TYPE
                         member_line(1)
                         member_column(25)
                         member_string()
                         member_i32_value(0)
                       }

                    TP_PARSE_TREE_TYPE_NODE
                       {
                        TP_PARSE_TREE_GRAMMER_FACTOR_3
                        TP_PARSE_TREE_TYPE_TOKEN
                           {
                            TP_SYMBOL_ID
                            TP_SYMBOL_ID_INT32
                             member_line(1)
                             member_column(27)
                             member_string(value1)
                             member_i32_value(0)
                           }

                       }

                   }

                TP_PARSE_TREE_TYPE_TOKEN
                   {
                    TP_SYMBOL_RIGHT_PAREN
                    TP_SYMBOL_UNSPECIFIED_TYPE
                     member_line(1)
                     member_column(33)
                     member_string()
                     member_i32_value(0)
                   }

               }

           }

        TP_PARSE_TREE_TYPE_TOKEN
           {
            TP_SYMBOL_SEMICOLON
            TP_SYMBOL_UNSPECIFIED_TYPE
             member_line(1)
             member_column(34)
             member_string()
             member_i32_value(0)
           }

       }

   }

---------------------------

   {
    TP_PARSE_TREE_GRAMMER_FACTOR_3
    TP_PARSE_TREE_TYPE_TOKEN
       {
        TP_SYMBOL_ID
        TP_SYMBOL_ID_INT32
         member_line(2)
         member_column(10)
         member_string(value2)
         member_i32_value(0)
       }

   }

---------------------------

   {
    TP_PARSE_TREE_GRAMMER_FACTOR_3
    TP_PARSE_TREE_TYPE_TOKEN
       {
        TP_SYMBOL_CONST_VALUE
        TP_SYMBOL_CONST_VALUE_INT32
         member_line(2)
         member_column(19)
         member_string(100)
         member_i32_value(100)
       }

   }

---------------------------

   {
    TP_PARSE_TREE_GRAMMER_EXPRESSION_1
    TP_PARSE_TREE_TYPE_NODE
       {
        TP_PARSE_TREE_GRAMMER_FACTOR_3
        TP_PARSE_TREE_TYPE_TOKEN
           {
            TP_SYMBOL_ID
            TP_SYMBOL_ID_INT32
             member_line(2)
             member_column(10)
             member_string(value2)
             member_i32_value(0)
           }

       }

    TP_PARSE_TREE_TYPE_TOKEN
       {
        TP_SYMBOL_PLUS
        TP_SYMBOL_UNSPECIFIED_TYPE
         member_line(2)
         member_column(17)
         member_string()
         member_i32_value(0)
       }

    TP_PARSE_TREE_TYPE_NODE
       {
        TP_PARSE_TREE_GRAMMER_FACTOR_3
        TP_PARSE_TREE_TYPE_TOKEN
           {
            TP_SYMBOL_CONST_VALUE
            TP_SYMBOL_CONST_VALUE_INT32
             member_line(2)
             member_column(19)
             member_string(100)
             member_i32_value(100)
           }

       }

   }

---------------------------

   {
    TP_PARSE_TREE_GRAMMER_STATEMENT_2
    TP_PARSE_TREE_TYPE_TOKEN
       {
        TP_SYMBOL_ID
        TP_SYMBOL_ID_INT32
         member_line(2)
         member_column(1)
         member_string(value1)
         member_i32_value(0)
       }

    TP_PARSE_TREE_TYPE_TOKEN
       {
        TP_SYMBOL_ID
        TP_SYMBOL_ID_INT32
         member_line(2)
         member_column(1)
         member_string(value1)
         member_i32_value(0)
       }

    TP_PARSE_TREE_TYPE_TOKEN
       {
        TP_SYMBOL_EQUAL
        TP_SYMBOL_UNSPECIFIED_TYPE
         member_line(2)
         member_column(8)
         member_string()
         member_i32_value(0)
       }

    TP_PARSE_TREE_TYPE_NODE
       {
        TP_PARSE_TREE_GRAMMER_EXPRESSION_1
        TP_PARSE_TREE_TYPE_NODE
           {
            TP_PARSE_TREE_GRAMMER_FACTOR_3
            TP_PARSE_TREE_TYPE_TOKEN
               {
                TP_SYMBOL_ID
                TP_SYMBOL_ID_INT32
                 member_line(2)
                 member_column(10)
                 member_string(value2)
                 member_i32_value(0)
               }

           }

        TP_PARSE_TREE_TYPE_TOKEN
           {
            TP_SYMBOL_PLUS
            TP_SYMBOL_UNSPECIFIED_TYPE
             member_line(2)
             member_column(17)
             member_string()
             member_i32_value(0)
           }

        TP_PARSE_TREE_TYPE_NODE
           {
            TP_PARSE_TREE_GRAMMER_FACTOR_3
            TP_PARSE_TREE_TYPE_TOKEN
               {
                TP_SYMBOL_CONST_VALUE
                TP_SYMBOL_CONST_VALUE_INT32
                 member_line(2)
                 member_column(19)
                 member_string(100)
                 member_i32_value(100)
               }

           }

       }

    TP_PARSE_TREE_TYPE_TOKEN
       {
        TP_SYMBOL_SEMICOLON
        TP_SYMBOL_UNSPECIFIED_TYPE
         member_line(2)
         member_column(22)
         member_string()
         member_i32_value(0)
       }

   }

---------------------------

   {
    TP_PARSE_TREE_GRAMMER_PROGRAM
    TP_PARSE_TREE_TYPE_NODE
       {
        TP_PARSE_TREE_GRAMMER_PROGRAM
        TP_PARSE_TREE_TYPE_NODE
           {
            TP_PARSE_TREE_GRAMMER_STATEMENT_2
            TP_PARSE_TREE_TYPE_TOKEN
               {
                TP_SYMBOL_ID
                TP_SYMBOL_TYPE_INT32
                 member_line(0)
                 member_column(0)
                 member_string(int32_t)
                 member_i32_value(0)
               }

            TP_PARSE_TREE_TYPE_TOKEN
               {
                TP_SYMBOL_ID
                TP_SYMBOL_ID_INT32
                 member_line(0)
                 member_column(8)
                 member_string(value1)
                 member_i32_value(0)
               }

            TP_PARSE_TREE_TYPE_TOKEN
               {
                TP_SYMBOL_EQUAL
                TP_SYMBOL_UNSPECIFIED_TYPE
                 member_line(0)
                 member_column(15)
                 member_string()
                 member_i32_value(0)
               }

            TP_PARSE_TREE_TYPE_NODE
               {
                TP_PARSE_TREE_GRAMMER_TERM_1
                TP_PARSE_TREE_TYPE_NODE
                   {
                    TP_PARSE_TREE_GRAMMER_FACTOR_1
                    TP_PARSE_TREE_TYPE_TOKEN
                       {
                        TP_SYMBOL_LEFT_PAREN
                        TP_SYMBOL_UNSPECIFIED_TYPE
                         member_line(0)
                         member_column(17)
                         member_string()
                         member_i32_value(0)
                       }

                    TP_PARSE_TREE_TYPE_NODE
                       {
                        TP_PARSE_TREE_GRAMMER_EXPRESSION_1
                        TP_PARSE_TREE_TYPE_NODE
                           {
                            TP_PARSE_TREE_GRAMMER_FACTOR_3
                            TP_PARSE_TREE_TYPE_TOKEN
                               {
                                TP_SYMBOL_CONST_VALUE
                                TP_SYMBOL_CONST_VALUE_INT32
                                 member_line(0)
                                 member_column(18)
                                 member_string(1)
                                 member_i32_value(1)
                               }

                           }

                        TP_PARSE_TREE_TYPE_TOKEN
                           {
                            TP_SYMBOL_PLUS
                            TP_SYMBOL_UNSPECIFIED_TYPE
                             member_line(0)
                             member_column(20)
                             member_string()
                             member_i32_value(0)
                           }

                        TP_PARSE_TREE_TYPE_NODE
                           {
                            TP_PARSE_TREE_GRAMMER_FACTOR_3
                            TP_PARSE_TREE_TYPE_TOKEN
                               {
                                TP_SYMBOL_CONST_VALUE
                                TP_SYMBOL_CONST_VALUE_INT32
                                 member_line(0)
                                 member_column(22)
                                 member_string(2)
                                 member_i32_value(2)
                               }

                           }

                       }

                    TP_PARSE_TREE_TYPE_TOKEN
                       {
                        TP_SYMBOL_RIGHT_PAREN
                        TP_SYMBOL_UNSPECIFIED_TYPE
                         member_line(0)
                         member_column(23)
                         member_string()
                         member_i32_value(0)
                       }

                   }

                TP_PARSE_TREE_TYPE_TOKEN
                   {
                    TP_SYMBOL_MUL
                    TP_SYMBOL_UNSPECIFIED_TYPE
                     member_line(0)
                     member_column(25)
                     member_string()
                     member_i32_value(0)
                   }

                TP_PARSE_TREE_TYPE_NODE
                   {
                    TP_PARSE_TREE_GRAMMER_FACTOR_3
                    TP_PARSE_TREE_TYPE_TOKEN
                       {
                        TP_SYMBOL_CONST_VALUE
                        TP_SYMBOL_CONST_VALUE_INT32
                         member_line(0)
                         member_column(27)
                         member_string(3)
                         member_i32_value(3)
                       }

                   }

               }

            TP_PARSE_TREE_TYPE_TOKEN
               {
                TP_SYMBOL_SEMICOLON
                TP_SYMBOL_UNSPECIFIED_TYPE
                 member_line(0)
                 member_column(28)
                 member_string()
                 member_i32_value(0)
               }

           }

        TP_PARSE_TREE_TYPE_NODE
           {
            TP_PARSE_TREE_GRAMMER_STATEMENT_2
            TP_PARSE_TREE_TYPE_TOKEN
               {
                TP_SYMBOL_ID
                TP_SYMBOL_TYPE_INT32
                 member_line(1)
                 member_column(1)
                 member_string(int32_t)
                 member_i32_value(0)
               }

            TP_PARSE_TREE_TYPE_TOKEN
               {
                TP_SYMBOL_ID
                TP_SYMBOL_ID_INT32
                 member_line(1)
                 member_column(9)
                 member_string(value2)
                 member_i32_value(0)
               }

            TP_PARSE_TREE_TYPE_TOKEN
               {
                TP_SYMBOL_EQUAL
                TP_SYMBOL_UNSPECIFIED_TYPE
                 member_line(1)
                 member_column(16)
                 member_string()
                 member_i32_value(0)
               }

            TP_PARSE_TREE_TYPE_NODE
               {
                TP_PARSE_TREE_GRAMMER_EXPRESSION_1
                TP_PARSE_TREE_TYPE_NODE
                   {
                    TP_PARSE_TREE_GRAMMER_FACTOR_3
                    TP_PARSE_TREE_TYPE_TOKEN
                       {
                        TP_SYMBOL_CONST_VALUE
                        TP_SYMBOL_CONST_VALUE_INT32
                         member_line(1)
                         member_column(18)
                         member_string(2)
                         member_i32_value(2)
                       }

                   }

                TP_PARSE_TREE_TYPE_TOKEN
                   {
                    TP_SYMBOL_PLUS
                    TP_SYMBOL_UNSPECIFIED_TYPE
                     member_line(1)
                     member_column(20)
                     member_string()
                     member_i32_value(0)
                   }

                TP_PARSE_TREE_TYPE_NODE
                   {
                    TP_PARSE_TREE_GRAMMER_FACTOR_1
                    TP_PARSE_TREE_TYPE_TOKEN
                       {
                        TP_SYMBOL_LEFT_PAREN
                        TP_SYMBOL_UNSPECIFIED_TYPE
                         member_line(1)
                         member_column(22)
                         member_string()
                         member_i32_value(0)
                       }

                    TP_PARSE_TREE_TYPE_NODE
                       {
                        TP_PARSE_TREE_GRAMMER_TERM_1
                        TP_PARSE_TREE_TYPE_NODE
                           {
                            TP_PARSE_TREE_GRAMMER_FACTOR_3
                            TP_PARSE_TREE_TYPE_TOKEN
                               {
                                TP_SYMBOL_CONST_VALUE
                                TP_SYMBOL_CONST_VALUE_INT32
                                 member_line(1)
                                 member_column(23)
                                 member_string(3)
                                 member_i32_value(3)
                               }

                           }

                        TP_PARSE_TREE_TYPE_TOKEN
                           {
                            TP_SYMBOL_MUL
                            TP_SYMBOL_UNSPECIFIED_TYPE
                             member_line(1)
                             member_column(25)
                             member_string()
                             member_i32_value(0)
                           }

                        TP_PARSE_TREE_TYPE_NODE
                           {
                            TP_PARSE_TREE_GRAMMER_FACTOR_3
                            TP_PARSE_TREE_TYPE_TOKEN
                               {
                                TP_SYMBOL_ID
                                TP_SYMBOL_ID_INT32
                                 member_line(1)
                                 member_column(27)
                                 member_string(value1)
                                 member_i32_value(0)
                               }

                           }

                       }

                    TP_PARSE_TREE_TYPE_TOKEN
                       {
                        TP_SYMBOL_RIGHT_PAREN
                        TP_SYMBOL_UNSPECIFIED_TYPE
                         member_line(1)
                         member_column(33)
                         member_string()
                         member_i32_value(0)
                       }

                   }

               }

            TP_PARSE_TREE_TYPE_TOKEN
               {
                TP_SYMBOL_SEMICOLON
                TP_SYMBOL_UNSPECIFIED_TYPE
                 member_line(1)
                 member_column(34)
                 member_string()
                 member_i32_value(0)
               }

           }

       }

    TP_PARSE_TREE_TYPE_NODE
       {
        TP_PARSE_TREE_GRAMMER_STATEMENT_2
        TP_PARSE_TREE_TYPE_TOKEN
           {
            TP_SYMBOL_ID
            TP_SYMBOL_ID_INT32
             member_line(2)
             member_column(1)
             member_string(value1)
             member_i32_value(0)
           }

        TP_PARSE_TREE_TYPE_TOKEN
           {
            TP_SYMBOL_ID
            TP_SYMBOL_ID_INT32
             member_line(2)
             member_column(1)
             member_string(value1)
             member_i32_value(0)
           }

        TP_PARSE_TREE_TYPE_TOKEN
           {
            TP_SYMBOL_EQUAL
            TP_SYMBOL_UNSPECIFIED_TYPE
             member_line(2)
             member_column(8)
             member_string()
             member_i32_value(0)
           }

        TP_PARSE_TREE_TYPE_NODE
           {
            TP_PARSE_TREE_GRAMMER_EXPRESSION_1
            TP_PARSE_TREE_TYPE_NODE
               {
                TP_PARSE_TREE_GRAMMER_FACTOR_3
                TP_PARSE_TREE_TYPE_TOKEN
                   {
                    TP_SYMBOL_ID
                    TP_SYMBOL_ID_INT32
                     member_line(2)
                     member_column(10)
                     member_string(value2)
                     member_i32_value(0)
                   }

               }

            TP_PARSE_TREE_TYPE_TOKEN
               {
                TP_SYMBOL_PLUS
                TP_SYMBOL_UNSPECIFIED_TYPE
                 member_line(2)
                 member_column(17)
                 member_string()
                 member_i32_value(0)
               }

            TP_PARSE_TREE_TYPE_NODE
               {
                TP_PARSE_TREE_GRAMMER_FACTOR_3
                TP_PARSE_TREE_TYPE_TOKEN
                   {
                    TP_SYMBOL_CONST_VALUE
                    TP_SYMBOL_CONST_VALUE_INT32
                     member_line(2)
                     member_column(19)
                     member_string(100)
                     member_i32_value(100)
                   }

               }

           }

        TP_PARSE_TREE_TYPE_TOKEN
           {
            TP_SYMBOL_SEMICOLON
            TP_SYMBOL_UNSPECIFIED_TYPE
             member_line(2)
             member_column(22)
             member_string()
             member_i32_value(0)
           }

       }

   }

---------------------------

=== Dump all parse tree. ===

   {
    TP_PARSE_TREE_GRAMMER_PROGRAM
    TP_PARSE_TREE_TYPE_NODE
       {
        TP_PARSE_TREE_GRAMMER_PROGRAM
        TP_PARSE_TREE_TYPE_NODE
           {
            TP_PARSE_TREE_GRAMMER_STATEMENT_2
            TP_PARSE_TREE_TYPE_TOKEN
               {
                TP_SYMBOL_ID
                TP_SYMBOL_TYPE_INT32
                 member_line(0)
                 member_column(0)
                 member_string(int32_t)
                 member_i32_value(0)
               }

            TP_PARSE_TREE_TYPE_TOKEN
               {
                TP_SYMBOL_ID
                TP_SYMBOL_ID_INT32
                 member_line(0)
                 member_column(8)
                 member_string(value1)
                 member_i32_value(0)
               }

            TP_PARSE_TREE_TYPE_TOKEN
               {
                TP_SYMBOL_EQUAL
                TP_SYMBOL_UNSPECIFIED_TYPE
                 member_line(0)
                 member_column(15)
                 member_string()
                 member_i32_value(0)
               }

            TP_PARSE_TREE_TYPE_NODE
               {
                TP_PARSE_TREE_GRAMMER_TERM_1
                TP_PARSE_TREE_TYPE_NODE
                   {
                    TP_PARSE_TREE_GRAMMER_FACTOR_1
                    TP_PARSE_TREE_TYPE_TOKEN
                       {
                        TP_SYMBOL_LEFT_PAREN
                        TP_SYMBOL_UNSPECIFIED_TYPE
                         member_line(0)
                         member_column(17)
                         member_string()
                         member_i32_value(0)
                       }

                    TP_PARSE_TREE_TYPE_NODE
                       {
                        TP_PARSE_TREE_GRAMMER_EXPRESSION_1
                        TP_PARSE_TREE_TYPE_NODE
                           {
                            TP_PARSE_TREE_GRAMMER_FACTOR_3
                            TP_PARSE_TREE_TYPE_TOKEN
                               {
                                TP_SYMBOL_CONST_VALUE
                                TP_SYMBOL_CONST_VALUE_INT32
                                 member_line(0)
                                 member_column(18)
                                 member_string(1)
                                 member_i32_value(1)
                               }

                           }

                        TP_PARSE_TREE_TYPE_TOKEN
                           {
                            TP_SYMBOL_PLUS
                            TP_SYMBOL_UNSPECIFIED_TYPE
                             member_line(0)
                             member_column(20)
                             member_string()
                             member_i32_value(0)
                           }

                        TP_PARSE_TREE_TYPE_NODE
                           {
                            TP_PARSE_TREE_GRAMMER_FACTOR_3
                            TP_PARSE_TREE_TYPE_TOKEN
                               {
                                TP_SYMBOL_CONST_VALUE
                                TP_SYMBOL_CONST_VALUE_INT32
                                 member_line(0)
                                 member_column(22)
                                 member_string(2)
                                 member_i32_value(2)
                               }

                           }

                       }

                    TP_PARSE_TREE_TYPE_TOKEN
                       {
                        TP_SYMBOL_RIGHT_PAREN
                        TP_SYMBOL_UNSPECIFIED_TYPE
                         member_line(0)
                         member_column(23)
                         member_string()
                         member_i32_value(0)
                       }

                   }

                TP_PARSE_TREE_TYPE_TOKEN
                   {
                    TP_SYMBOL_MUL
                    TP_SYMBOL_UNSPECIFIED_TYPE
                     member_line(0)
                     member_column(25)
                     member_string()
                     member_i32_value(0)
                   }

                TP_PARSE_TREE_TYPE_NODE
                   {
                    TP_PARSE_TREE_GRAMMER_FACTOR_3
                    TP_PARSE_TREE_TYPE_TOKEN
                       {
                        TP_SYMBOL_CONST_VALUE
                        TP_SYMBOL_CONST_VALUE_INT32
                         member_line(0)
                         member_column(27)
                         member_string(3)
                         member_i32_value(3)
                       }

                   }

               }

            TP_PARSE_TREE_TYPE_TOKEN
               {
                TP_SYMBOL_SEMICOLON
                TP_SYMBOL_UNSPECIFIED_TYPE
                 member_line(0)
                 member_column(28)
                 member_string()
                 member_i32_value(0)
               }

           }

        TP_PARSE_TREE_TYPE_NODE
           {
            TP_PARSE_TREE_GRAMMER_STATEMENT_2
            TP_PARSE_TREE_TYPE_TOKEN
               {
                TP_SYMBOL_ID
                TP_SYMBOL_TYPE_INT32
                 member_line(1)
                 member_column(1)
                 member_string(int32_t)
                 member_i32_value(0)
               }

            TP_PARSE_TREE_TYPE_TOKEN
               {
                TP_SYMBOL_ID
                TP_SYMBOL_ID_INT32
                 member_line(1)
                 member_column(9)
                 member_string(value2)
                 member_i32_value(0)
               }

            TP_PARSE_TREE_TYPE_TOKEN
               {
                TP_SYMBOL_EQUAL
                TP_SYMBOL_UNSPECIFIED_TYPE
                 member_line(1)
                 member_column(16)
                 member_string()
                 member_i32_value(0)
               }

            TP_PARSE_TREE_TYPE_NODE
               {
                TP_PARSE_TREE_GRAMMER_EXPRESSION_1
                TP_PARSE_TREE_TYPE_NODE
                   {
                    TP_PARSE_TREE_GRAMMER_FACTOR_3
                    TP_PARSE_TREE_TYPE_TOKEN
                       {
                        TP_SYMBOL_CONST_VALUE
                        TP_SYMBOL_CONST_VALUE_INT32
                         member_line(1)
                         member_column(18)
                         member_string(2)
                         member_i32_value(2)
                       }

                   }

                TP_PARSE_TREE_TYPE_TOKEN
                   {
                    TP_SYMBOL_PLUS
                    TP_SYMBOL_UNSPECIFIED_TYPE
                     member_line(1)
                     member_column(20)
                     member_string()
                     member_i32_value(0)
                   }

                TP_PARSE_TREE_TYPE_NODE
                   {
                    TP_PARSE_TREE_GRAMMER_FACTOR_1
                    TP_PARSE_TREE_TYPE_TOKEN
                       {
                        TP_SYMBOL_LEFT_PAREN
                        TP_SYMBOL_UNSPECIFIED_TYPE
                         member_line(1)
                         member_column(22)
                         member_string()
                         member_i32_value(0)
                       }

                    TP_PARSE_TREE_TYPE_NODE
                       {
                        TP_PARSE_TREE_GRAMMER_TERM_1
                        TP_PARSE_TREE_TYPE_NODE
                           {
                            TP_PARSE_TREE_GRAMMER_FACTOR_3
                            TP_PARSE_TREE_TYPE_TOKEN
                               {
                                TP_SYMBOL_CONST_VALUE
                                TP_SYMBOL_CONST_VALUE_INT32
                                 member_line(1)
                                 member_column(23)
                                 member_string(3)
                                 member_i32_value(3)
                               }

                           }

                        TP_PARSE_TREE_TYPE_TOKEN
                           {
                            TP_SYMBOL_MUL
                            TP_SYMBOL_UNSPECIFIED_TYPE
                             member_line(1)
                             member_column(25)
                             member_string()
                             member_i32_value(0)
                           }

                        TP_PARSE_TREE_TYPE_NODE
                           {
                            TP_PARSE_TREE_GRAMMER_FACTOR_3
                            TP_PARSE_TREE_TYPE_TOKEN
                               {
                                TP_SYMBOL_ID
                                TP_SYMBOL_ID_INT32
                                 member_line(1)
                                 member_column(27)
                                 member_string(value1)
                                 member_i32_value(0)
                               }

                           }

                       }

                    TP_PARSE_TREE_TYPE_TOKEN
                       {
                        TP_SYMBOL_RIGHT_PAREN
                        TP_SYMBOL_UNSPECIFIED_TYPE
                         member_line(1)
                         member_column(33)
                         member_string()
                         member_i32_value(0)
                       }

                   }

               }

            TP_PARSE_TREE_TYPE_TOKEN
               {
                TP_SYMBOL_SEMICOLON
                TP_SYMBOL_UNSPECIFIED_TYPE
                 member_line(1)
                 member_column(34)
                 member_string()
                 member_i32_value(0)
               }

           }

       }

    TP_PARSE_TREE_TYPE_NODE
       {
        TP_PARSE_TREE_GRAMMER_STATEMENT_2
        TP_PARSE_TREE_TYPE_TOKEN
           {
            TP_SYMBOL_ID
            TP_SYMBOL_ID_INT32
             member_line(2)
             member_column(1)
             member_string(value1)
             member_i32_value(0)
           }

        TP_PARSE_TREE_TYPE_TOKEN
           {
            TP_SYMBOL_ID
            TP_SYMBOL_ID_INT32
             member_line(2)
             member_column(1)
             member_string(value1)
             member_i32_value(0)
           }

        TP_PARSE_TREE_TYPE_TOKEN
           {
            TP_SYMBOL_EQUAL
            TP_SYMBOL_UNSPECIFIED_TYPE
             member_line(2)
             member_column(8)
             member_string()
             member_i32_value(0)
           }

        TP_PARSE_TREE_TYPE_NODE
           {
            TP_PARSE_TREE_GRAMMER_EXPRESSION_1
            TP_PARSE_TREE_TYPE_NODE
               {
                TP_PARSE_TREE_GRAMMER_FACTOR_3
                TP_PARSE_TREE_TYPE_TOKEN
                   {
                    TP_SYMBOL_ID
                    TP_SYMBOL_ID_INT32
                     member_line(2)
                     member_column(10)
                     member_string(value2)
                     member_i32_value(0)
                   }

               }

            TP_PARSE_TREE_TYPE_TOKEN
               {
                TP_SYMBOL_PLUS
                TP_SYMBOL_UNSPECIFIED_TYPE
                 member_line(2)
                 member_column(17)
                 member_string()
                 member_i32_value(0)
               }

            TP_PARSE_TREE_TYPE_NODE
               {
                TP_PARSE_TREE_GRAMMER_FACTOR_3
                TP_PARSE_TREE_TYPE_TOKEN
                   {
                    TP_SYMBOL_CONST_VALUE
                    TP_SYMBOL_CONST_VALUE_INT32
                     member_line(2)
                     member_column(19)
                     member_string(100)
                     member_i32_value(100)
                   }

               }

           }

        TP_PARSE_TREE_TYPE_TOKEN
           {
            TP_SYMBOL_SEMICOLON
            TP_SYMBOL_UNSPECIFIED_TYPE
             member_line(2)
             member_column(22)
             member_string()
             member_i32_value(0)
           }

       }

   }

